19 Feb 14:54:30 - [33m[nodemon] v1.3.5[39m
19 Feb 14:54:30 - [33m[nodemon] to restart at any time, enter `rs`[39m
19 Feb 14:54:30 - [33m[nodemon] watching: *.*[39m
19 Feb 14:54:30 - [32m[nodemon] starting `node .`[39m
exception in nodemon killing node
Error: EBADF, read

----------------------------------------------------------
If appropriate, please file an error with the output from:
$ node /usr/local/bin/nodemon . --dump
At http://github.com/remy/nodemon/issues/new
----------------------------------------------------------


module.js:340
    throw err;
          ^
Error: Cannot find module '/root/hrs-db'
    at Function.Module._resolveFilename (module.js:338:15)
    at Function.Module._load (module.js:280:25)
    at Function.Module.runMain (module.js:497:10)
    at startup (node.js:119:16)
    at node.js:906:3
